<?xml version="1.0" encoding="UTF-8"?>
<!-- Generated by org.testng.reporters.JUnitReportReporter -->
<testsuite hostname="LAPTOP-IF8FTFS8" failures="0" tests="2" name="TestNG.Dpc" time="83.130" errors="0" timestamp="2023-05-17T15:53:02 IST" skipped="0">
  <testcase classname="TestNG.Dpc" name="Login" time="45.781"/>
  <system-out/>
  <testcase classname="TestNG.Dpc" name="Logout" time="37.349"/>
  <system-out/>
</testsuite> <!-- TestNG.Dpc -->
